/home/chauvec/projects/ctb-chauvec/PLASMIDS/ARETE_PLASMIDS_PAPER/tools/env_hyasp/lib/python3.7/site-packages/Bio/GenBank/Scanner.py:215: BiopythonParserWarning: Over indented <!DOCTYPE feature?
  BiopythonParserWarning,
############################################
### Configuration of database generation ###

>>> Input / output
Plasmid source: doi_10.15146_R33X2J__v2_id.txt
Genes file: doi_10.15146_R33X2J__v2_genes.fasta
Plasmids file: doi_10.15146_R33X2J__v2_plasmids.fa

>>> Filtering
Minimum plasmid length: 500.000000
Maximum plasmid length: inf
Minimum gene length: 100.000000
Released before: (filter not applied)
Blacklist: (empty)

>>> Other options
Dereplicate: 1
Extend: 0
Maximum number of download attempts: 25.000000
Verbose: 1
############################################

Reading genes from old database doi_10.15146_R33X2J__v2_genes.fasta (and dereplicating them, if activated)...
6642 plasmid accessions after removing blacklisted plasmids.
Adding genes (and plasmids) to database...
1 / 6642
2 / 6642
3 / 6642
4 / 6642
5 / 6642
6 / 6642
7 / 6642
8 / 6642
9 / 6642
10 / 6642
11 / 6642
12 / 6642
13 / 6642
14 / 6642
15 / 6642
16 / 6642
17 / 6642
18 / 6642
19 / 6642
20 / 6642
21 / 6642
22 / 6642
23 / 6642
24 / 6642
25 / 6642
26 / 6642
27 / 6642
28 / 6642
29 / 6642
30 / 6642
31 / 6642
32 / 6642
33 / 6642
34 / 6642
35 / 6642
36 / 6642
37 / 6642
38 / 6642
39 / 6642
40 / 6642
41 / 6642
42 / 6642
43 / 6642
44 / 6642
45 / 6642
46 / 6642
47 / 6642
48 / 6642
49 / 6642
50 / 6642
51 / 6642
52 / 6642
53 / 6642
54 / 6642
55 / 6642
56 / 6642
57 / 6642
58 / 6642
59 / 6642
60 / 6642
61 / 6642
62 / 6642
63 / 6642
64 / 6642
65 / 6642
66 / 6642
67 / 6642
68 / 6642
69 / 6642
70 / 6642
71 / 6642
72 / 6642
73 / 6642
74 / 6642
75 / 6642
76 / 6642
77 / 6642
78 / 6642
79 / 6642
80 / 6642
81 / 6642
82 / 6642
83 / 6642
84 / 6642
85 / 6642
86 / 6642
87 / 6642
88 / 6642
89 / 6642
90 / 6642
91 / 6642
92 / 6642
93 / 6642
94 / 6642
95 / 6642
96 / 6642
97 / 6642
98 / 6642
99 / 6642
100 / 6642
101 / 6642
102 / 6642
103 / 6642
104 / 6642
105 / 6642
106 / 6642
107 / 6642
108 / 6642
109 / 6642
110 / 6642
111 / 6642
112 / 6642
113 / 6642
114 / 6642
115 / 6642
116 / 6642
117 / 6642
118 / 6642
119 / 6642
120 / 6642
121 / 6642
122 / 6642
123 / 6642
124 / 6642
125 / 6642
126 / 6642
127 / 6642
128 / 6642
129 / 6642
130 / 6642
131 / 6642
132 / 6642
133 / 6642
134 / 6642
135 / 6642
136 / 6642
137 / 6642
138 / 6642
139 / 6642
140 / 6642
141 / 6642
142 / 6642
143 / 6642
144 / 6642
145 / 6642
146 / 6642
147 / 6642
148 / 6642
149 / 6642
150 / 6642
151 / 6642
152 / 6642
153 / 6642
154 / 6642
155 / 6642
156 / 6642
157 / 6642
158 / 6642
159 / 6642
160 / 6642
161 / 6642
162 / 6642
163 / 6642
164 / 6642
165 / 6642
166 / 6642
167 / 6642
168 / 6642
169 / 6642
170 / 6642
171 / 6642
172 / 6642
173 / 6642
174 / 6642
175 / 6642
176 / 6642
177 / 6642
178 / 6642
179 / 6642
180 / 6642
181 / 6642
182 / 6642
183 / 6642
184 / 6642
185 / 6642
186 / 6642
187 / 6642
188 / 6642
189 / 6642
190 / 6642
191 / 6642
192 / 6642
193 / 6642
194 / 6642
195 / 6642
196 / 6642
197 / 6642
198 / 6642
199 / 6642
200 / 6642
201 / 6642
202 / 6642
203 / 6642
204 / 6642
205 / 6642
206 / 6642
207 / 6642
208 / 6642
209 / 6642
210 / 6642
211 / 6642
212 / 6642
213 / 6642
214 / 6642
215 / 6642
216 / 6642
217 / 6642
218 / 6642
219 / 6642
220 / 6642
221 / 6642
222 / 6642
223 / 6642
224 / 6642
225 / 6642
226 / 6642
227 / 6642
228 / 6642
229 / 6642
230 / 6642
231 / 6642
232 / 6642
233 / 6642
234 / 6642
235 / 6642
236 / 6642
237 / 6642
238 / 6642
239 / 6642
240 / 6642
241 / 6642
242 / 6642
243 / 6642
244 / 6642
245 / 6642
246 / 6642
247 / 6642
248 / 6642
249 / 6642
250 / 6642
251 / 6642
252 / 6642
253 / 6642
254 / 6642
255 / 6642
256 / 6642
257 / 6642
258 / 6642
259 / 6642
260 / 6642
261 / 6642
262 / 6642
263 / 6642
264 / 6642
265 / 6642
266 / 6642
267 / 6642
268 / 6642
269 / 6642
270 / 6642
271 / 6642
272 / 6642
273 / 6642
274 / 6642
275 / 6642
276 / 6642
277 / 6642
278 / 6642
279 / 6642
280 / 6642
281 / 6642
282 / 6642
283 / 6642
284 / 6642
285 / 6642
286 / 6642
287 / 6642
288 / 6642
289 / 6642
290 / 6642
291 / 6642
292 / 6642
293 / 6642
294 / 6642
295 / 6642
296 / 6642
297 / 6642
298 / 6642
299 / 6642
300 / 6642
301 / 6642
302 / 6642
303 / 6642
304 / 6642
305 / 6642
306 / 6642
307 / 6642
308 / 6642
309 / 6642
310 / 6642
311 / 6642
312 / 6642
313 / 6642
314 / 6642
315 / 6642
316 / 6642
317 / 6642
318 / 6642
319 / 6642
320 / 6642
321 / 6642
322 / 6642
323 / 6642
324 / 6642
325 / 6642
326 / 6642
327 / 6642
328 / 6642
329 / 6642
330 / 6642
331 / 6642
332 / 6642
333 / 6642
334 / 6642
335 / 6642
336 / 6642
337 / 6642
338 / 6642
339 / 6642
340 / 6642
341 / 6642
342 / 6642
343 / 6642
344 / 6642
345 / 6642
346 / 6642
347 / 6642
348 / 6642
349 / 6642
350 / 6642
351 / 6642
352 / 6642
353 / 6642
354 / 6642
355 / 6642
356 / 6642
357 / 6642
358 / 6642
359 / 6642
360 / 6642
361 / 6642
362 / 6642
363 / 6642
364 / 6642
365 / 6642
366 / 6642
367 / 6642
368 / 6642
369 / 6642
370 / 6642
371 / 6642
372 / 6642
373 / 6642
374 / 6642
375 / 6642
376 / 6642
377 / 6642
378 / 6642
379 / 6642
380 / 6642
381 / 6642
382 / 6642
383 / 6642
384 / 6642
385 / 6642
386 / 6642
387 / 6642
388 / 6642
389 / 6642
390 / 6642
391 / 6642
392 / 6642
393 / 6642
394 / 6642
395 / 6642
396 / 6642
397 / 6642
398 / 6642
399 / 6642
400 / 6642
401 / 6642
402 / 6642
403 / 6642
404 / 6642
405 / 6642
406 / 6642
407 / 6642
408 / 6642
409 / 6642
410 / 6642
411 / 6642
412 / 6642
413 / 6642
414 / 6642
415 / 6642
416 / 6642
417 / 6642
418 / 6642
419 / 6642
420 / 6642
421 / 6642
422 / 6642
423 / 6642
424 / 6642
425 / 6642
426 / 6642
427 / 6642
428 / 6642
429 / 6642
430 / 6642
431 / 6642
432 / 6642
433 / 6642
434 / 6642
435 / 6642
436 / 6642
437 / 6642
438 / 6642
439 / 6642
440 / 6642
441 / 6642
442 / 6642
443 / 6642
444 / 6642
445 / 6642
446 / 6642
447 / 6642
448 / 6642
449 / 6642
450 / 6642
451 / 6642
452 / 6642
453 / 6642
454 / 6642
455 / 6642
456 / 6642
457 / 6642
458 / 6642
459 / 6642
460 / 6642
461 / 6642
462 / 6642
463 / 6642
464 / 6642
465 / 6642
466 / 6642
467 / 6642
468 / 6642
469 / 6642
470 / 6642
471 / 6642
472 / 6642
473 / 6642
474 / 6642
475 / 6642
476 / 6642
477 / 6642
478 / 6642
479 / 6642
480 / 6642
481 / 6642
482 / 6642
483 / 6642
484 / 6642
485 / 6642
486 / 6642
487 / 6642
488 / 6642
489 / 6642
490 / 6642
491 / 6642
492 / 6642
493 / 6642
494 / 6642
495 / 6642
496 / 6642
497 / 6642
498 / 6642
499 / 6642
500 / 6642
501 / 6642
502 / 6642
503 / 6642
504 / 6642
505 / 6642
506 / 6642
507 / 6642
508 / 6642
509 / 6642
510 / 6642
511 / 6642
512 / 6642
513 / 6642
514 / 6642
515 / 6642
516 / 6642
517 / 6642
518 / 6642
519 / 6642
520 / 6642
521 / 6642
522 / 6642
523 / 6642
524 / 6642
525 / 6642
526 / 6642
527 / 6642
528 / 6642
529 / 6642
530 / 6642
531 / 6642
532 / 6642
533 / 6642
534 / 6642
535 / 6642
536 / 6642
537 / 6642
538 / 6642
539 / 6642
540 / 6642
541 / 6642
542 / 6642
543 / 6642
544 / 6642
545 / 6642
546 / 6642
547 / 6642
548 / 6642
549 / 6642
550 / 6642
551 / 6642
552 / 6642
553 / 6642
554 / 6642
555 / 6642
556 / 6642
557 / 6642
558 / 6642
559 / 6642
560 / 6642
561 / 6642
562 / 6642
563 / 6642
564 / 6642
565 / 6642
566 / 6642
567 / 6642
568 / 6642
569 / 6642
570 / 6642
571 / 6642
572 / 6642
573 / 6642
574 / 6642
575 / 6642
576 / 6642
577 / 6642
578 / 6642
579 / 6642
580 / 6642
581 / 6642
582 / 6642
583 / 6642
584 / 6642
585 / 6642
586 / 6642
587 / 6642
588 / 6642
589 / 6642
590 / 6642
591 / 6642
592 / 6642
593 / 6642
594 / 6642
595 / 6642
596 / 6642
597 / 6642
598 / 6642
599 / 6642
600 / 6642
601 / 6642
602 / 6642
603 / 6642
604 / 6642
605 / 6642
606 / 6642
607 / 6642
608 / 6642
609 / 6642
610 / 6642
611 / 6642
612 / 6642
613 / 6642
614 / 6642
615 / 6642
616 / 6642
617 / 6642
618 / 6642
619 / 6642
620 / 6642
621 / 6642
622 / 6642
623 / 6642
624 / 6642
625 / 6642
626 / 6642
627 / 6642
628 / 6642
629 / 6642
630 / 6642
631 / 6642
632 / 6642
633 / 6642
634 / 6642
635 / 6642
636 / 6642
637 / 6642
638 / 6642
639 / 6642
640 / 6642
641 / 6642
642 / 6642
643 / 6642
644 / 6642
645 / 6642
646 / 6642
647 / 6642
648 / 6642
649 / 6642
650 / 6642
651 / 6642
652 / 6642
653 / 6642
654 / 6642
655 / 6642
656 / 6642
657 / 6642
658 / 6642
659 / 6642
660 / 6642
661 / 6642
662 / 6642
663 / 6642
664 / 6642
665 / 6642
666 / 6642
667 / 6642
668 / 6642
669 / 6642
670 / 6642
671 / 6642
672 / 6642
673 / 6642
674 / 6642
675 / 6642
676 / 6642
677 / 6642
678 / 6642
679 / 6642
680 / 6642
681 / 6642
682 / 6642
683 / 6642
684 / 6642
685 / 6642
686 / 6642
687 / 6642
688 / 6642
689 / 6642
690 / 6642
691 / 6642
692 / 6642
693 / 6642
694 / 6642
695 / 6642
696 / 6642
697 / 6642
698 / 6642
699 / 6642
700 / 6642
701 / 6642
702 / 6642
703 / 6642
704 / 6642
705 / 6642
706 / 6642
707 / 6642
708 / 6642
709 / 6642
710 / 6642
711 / 6642
712 / 6642
713 / 6642
714 / 6642
715 / 6642
716 / 6642
717 / 6642
718 / 6642
719 / 6642
720 / 6642
721 / 6642
722 / 6642
723 / 6642
724 / 6642
725 / 6642
726 / 6642
727 / 6642
728 / 6642
729 / 6642
730 / 6642
731 / 6642
732 / 6642
733 / 6642
734 / 6642
735 / 6642
736 / 6642
737 / 6642
738 / 6642
739 / 6642
740 / 6642
741 / 6642
742 / 6642
743 / 6642
744 / 6642
745 / 6642
746 / 6642
747 / 6642
748 / 6642
749 / 6642
750 / 6642
751 / 6642
752 / 6642
753 / 6642
754 / 6642
755 / 6642
756 / 6642
757 / 6642
758 / 6642
759 / 6642
760 / 6642
761 / 6642
762 / 6642
763 / 6642
764 / 6642
765 / 6642
766 / 6642
767 / 6642
768 / 6642
769 / 6642
770 / 6642
771 / 6642
772 / 6642
773 / 6642
774 / 6642
775 / 6642
776 / 6642
777 / 6642
778 / 6642
779 / 6642
780 / 6642
781 / 6642
782 / 6642
783 / 6642
784 / 6642
785 / 6642
786 / 6642
787 / 6642
788 / 6642
789 / 6642
790 / 6642
791 / 6642
792 / 6642
793 / 6642
794 / 6642
795 / 6642
796 / 6642
797 / 6642
798 / 6642
799 / 6642
800 / 6642
801 / 6642
802 / 6642
803 / 6642
804 / 6642
805 / 6642
806 / 6642
807 / 6642
808 / 6642
809 / 6642
810 / 6642
811 / 6642
812 / 6642
813 / 6642
814 / 6642
815 / 6642
816 / 6642
817 / 6642
818 / 6642
819 / 6642
820 / 6642
821 / 6642
822 / 6642
823 / 6642
824 / 6642
825 / 6642
826 / 6642
827 / 6642
828 / 6642
829 / 6642
830 / 6642
831 / 6642
832 / 6642
833 / 6642
834 / 6642
835 / 6642
836 / 6642
837 / 6642
838 / 6642
839 / 6642
840 / 6642
841 / 6642
842 / 6642
843 / 6642
844 / 6642
845 / 6642
846 / 6642
847 / 6642
848 / 6642
849 / 6642
850 / 6642
851 / 6642
852 / 6642
853 / 6642
854 / 6642
855 / 6642
856 / 6642
857 / 6642
858 / 6642
859 / 6642
860 / 6642
861 / 6642
862 / 6642
863 / 6642
864 / 6642
865 / 6642
866 / 6642
867 / 6642
868 / 6642
869 / 6642
870 / 6642
871 / 6642
872 / 6642
873 / 6642
874 / 6642
875 / 6642
876 / 6642
877 / 6642
878 / 6642
879 / 6642
880 / 6642
881 / 6642
882 / 6642
883 / 6642
884 / 6642
885 / 6642
886 / 6642
887 / 6642
888 / 6642
889 / 6642
890 / 6642
891 / 6642
892 / 6642
893 / 6642
894 / 6642
895 / 6642
896 / 6642
897 / 6642
898 / 6642
899 / 6642
900 / 6642
901 / 6642
902 / 6642
903 / 6642
904 / 6642
905 / 6642
906 / 6642
907 / 6642
908 / 6642
909 / 6642
910 / 6642
911 / 6642
912 / 6642
913 / 6642
914 / 6642
915 / 6642
916 / 6642
917 / 6642
918 / 6642
919 / 6642
920 / 6642
921 / 6642
922 / 6642
923 / 6642
924 / 6642
925 / 6642
926 / 6642
927 / 6642
928 / 6642
929 / 6642
930 / 6642
931 / 6642
932 / 6642
933 / 6642
934 / 6642
935 / 6642
936 / 6642
937 / 6642
938 / 6642
939 / 6642
940 / 6642
941 / 6642
942 / 6642
943 / 6642
944 / 6642
945 / 6642
946 / 6642
947 / 6642
948 / 6642
949 / 6642
950 / 6642
951 / 6642
952 / 6642
953 / 6642
954 / 6642
955 / 6642
956 / 6642
957 / 6642
958 / 6642
959 / 6642
960 / 6642
961 / 6642
962 / 6642
963 / 6642
964 / 6642
965 / 6642
966 / 6642
967 / 6642
968 / 6642
969 / 6642
970 / 6642
971 / 6642
972 / 6642
973 / 6642
974 / 6642
975 / 6642
976 / 6642
977 / 6642
978 / 6642
979 / 6642
980 / 6642
981 / 6642
982 / 6642
983 / 6642
984 / 6642
985 / 6642
986 / 6642
987 / 6642
988 / 6642
989 / 6642
990 / 6642
991 / 6642
992 / 6642
993 / 6642
994 / 6642
995 / 6642
996 / 6642
997 / 6642
998 / 6642
999 / 6642
1000 / 6642
1001 / 6642
1002 / 6642
1003 / 6642
1004 / 6642
1005 / 6642
1006 / 6642
1007 / 6642
1008 / 6642
1009 / 6642
1010 / 6642
1011 / 6642
1012 / 6642
1013 / 6642
1014 / 6642
1015 / 6642
1016 / 6642
1017 / 6642
1018 / 6642
1019 / 6642
1020 / 6642
1021 / 6642
1022 / 6642
1023 / 6642
1024 / 6642
1025 / 6642
1026 / 6642
1027 / 6642
1028 / 6642
1029 / 6642
1030 / 6642
1031 / 6642
1032 / 6642
1033 / 6642
1034 / 6642
1035 / 6642
1036 / 6642
1037 / 6642
1038 / 6642
1039 / 6642
1040 / 6642
1041 / 6642
1042 / 6642
1043 / 6642
1044 / 6642
1045 / 6642
1046 / 6642
1047 / 6642
1048 / 6642
1049 / 6642
1050 / 6642
1051 / 6642
1052 / 6642
1053 / 6642
1054 / 6642
1055 / 6642
1056 / 6642
1057 / 6642
1058 / 6642
1059 / 6642
1060 / 6642
1061 / 6642
1062 / 6642
1063 / 6642
1064 / 6642
1065 / 6642
1066 / 6642
1067 / 6642
1068 / 6642
1069 / 6642
1070 / 6642
1071 / 6642
1072 / 6642
1073 / 6642
1074 / 6642
1075 / 6642
1076 / 6642
1077 / 6642
1078 / 6642
1079 / 6642
1080 / 6642
1081 / 6642
1082 / 6642
1083 / 6642
1084 / 6642
1085 / 6642
1086 / 6642
1087 / 6642
1088 / 6642
1089 / 6642
1090 / 6642
1091 / 6642
1092 / 6642
1093 / 6642
1094 / 6642
1095 / 6642
1096 / 6642
1097 / 6642
1098 / 6642
1099 / 6642
1100 / 6642
1101 / 6642
1102 / 6642
1103 / 6642
1104 / 6642
1105 / 6642
1106 / 6642
1107 / 6642
1108 / 6642
1109 / 6642
1110 / 6642
1111 / 6642
1112 / 6642
1113 / 6642
1114 / 6642
1115 / 6642
1116 / 6642
1117 / 6642
1118 / 6642
1119 / 6642
1120 / 6642
1121 / 6642
1122 / 6642
1123 / 6642
1124 / 6642
1125 / 6642
1126 / 6642
1127 / 6642
1128 / 6642
1129 / 6642
1130 / 6642
1131 / 6642
1132 / 6642
1133 / 6642
1134 / 6642
1135 / 6642
1136 / 6642
1137 / 6642
1138 / 6642
1139 / 6642
1140 / 6642
1141 / 6642
1142 / 6642
1143 / 6642
1144 / 6642
1145 / 6642
1146 / 6642
1147 / 6642
1148 / 6642
1149 / 6642
1150 / 6642
1151 / 6642
1152 / 6642
1153 / 6642
1154 / 6642
1155 / 6642
1156 / 6642
1157 / 6642
1158 / 6642
1159 / 6642
1160 / 6642
1161 / 6642
1162 / 6642
1163 / 6642
1164 / 6642
1165 / 6642
1166 / 6642
1167 / 6642
1168 / 6642
1169 / 6642
1170 / 6642
1171 / 6642
1172 / 6642
1173 / 6642
1174 / 6642
1175 / 6642
1176 / 6642
1177 / 6642
1178 / 6642
1179 / 6642
1180 / 6642
1181 / 6642
1182 / 6642
1183 / 6642
1184 / 6642
1185 / 6642
1186 / 6642
1187 / 6642
1188 / 6642
1189 / 6642
1190 / 6642
1191 / 6642
1192 / 6642
1193 / 6642
1194 / 6642
1195 / 6642
1196 / 6642
1197 / 6642
1198 / 6642
1199 / 6642
1200 / 6642
1201 / 6642
1202 / 6642
1203 / 6642
1204 / 6642
1205 / 6642
1206 / 6642
1207 / 6642
1208 / 6642
1209 / 6642
1210 / 6642
1211 / 6642
1212 / 6642
1213 / 6642
1214 / 6642
1215 / 6642
1216 / 6642
1217 / 6642
1218 / 6642
1219 / 6642
1220 / 6642
1221 / 6642
1222 / 6642
1223 / 6642
1224 / 6642
1225 / 6642
1226 / 6642
1227 / 6642
1228 / 6642
1229 / 6642
1230 / 6642
1231 / 6642
1232 / 6642
1233 / 6642
1234 / 6642
1235 / 6642
1236 / 6642
1237 / 6642
1238 / 6642
1239 / 6642
1240 / 6642
1241 / 6642
1242 / 6642
1243 / 6642
1244 / 6642
1245 / 6642
1246 / 6642
1247 / 6642
1248 / 6642
1249 / 6642
1250 / 6642
1251 / 6642
1252 / 6642
1253 / 6642
1254 / 6642
1255 / 6642
1256 / 6642
1257 / 6642
1258 / 6642
1259 / 6642
1260 / 6642
1261 / 6642
1262 / 6642
1263 / 6642
1264 / 6642
1265 / 6642
1266 / 6642
1267 / 6642
1268 / 6642
1269 / 6642
1270 / 6642
1271 / 6642
1272 / 6642
1273 / 6642
1274 / 6642
1275 / 6642
1276 / 6642
1277 / 6642
1278 / 6642
1279 / 6642
1280 / 6642
1281 / 6642
1282 / 6642
1283 / 6642
1284 / 6642
1285 / 6642
1286 / 6642
1287 / 6642
1288 / 6642
1289 / 6642
1290 / 6642
1291 / 6642
1292 / 6642
1293 / 6642
1294 / 6642
1295 / 6642
1296 / 6642
1297 / 6642
1298 / 6642
1299 / 6642
1300 / 6642
1301 / 6642
1302 / 6642
1303 / 6642
1304 / 6642
1305 / 6642
1306 / 6642
1307 / 6642
1308 / 6642
1309 / 6642
1310 / 6642
1311 / 6642
1312 / 6642
1313 / 6642
1314 / 6642
1315 / 6642
1316 / 6642
1317 / 6642
1318 / 6642
1319 / 6642
1320 / 6642
1321 / 6642
1322 / 6642
1323 / 6642
1324 / 6642
1325 / 6642
1326 / 6642
1327 / 6642
1328 / 6642
1329 / 6642
1330 / 6642
1331 / 6642
1332 / 6642
1333 / 6642
1334 / 6642
1335 / 6642
1336 / 6642
1337 / 6642
1338 / 6642
1339 / 6642
1340 / 6642
1341 / 6642
1342 / 6642
1343 / 6642
1344 / 6642
1345 / 6642
1346 / 6642
1347 / 6642
1348 / 6642
1349 / 6642
1350 / 6642
1351 / 6642
1352 / 6642
1353 / 6642
1354 / 6642
1355 / 6642
1356 / 6642
1357 / 6642
1358 / 6642
1359 / 6642
1360 / 6642
1361 / 6642
1362 / 6642
1363 / 6642
1364 / 6642
1365 / 6642
1366 / 6642
1367 / 6642
1368 / 6642
1369 / 6642
1370 / 6642
1371 / 6642
1372 / 6642
1373 / 6642
1374 / 6642
1375 / 6642
1376 / 6642
1377 / 6642
1378 / 6642
1379 / 6642
1380 / 6642
1381 / 6642
1382 / 6642
1383 / 6642
1384 / 6642
1385 / 6642
1386 / 6642
1387 / 6642
1388 / 6642
1389 / 6642
1390 / 6642
1391 / 6642
1392 / 6642
1393 / 6642
1394 / 6642
1395 / 6642
1396 / 6642
1397 / 6642
1398 / 6642
1399 / 6642
1400 / 6642
1401 / 6642
1402 / 6642
1403 / 6642
1404 / 6642
1405 / 6642
1406 / 6642
1407 / 6642
1408 / 6642
1409 / 6642
1410 / 6642
1411 / 6642
1412 / 6642
1413 / 6642
1414 / 6642
1415 / 6642
1416 / 6642
1417 / 6642
1418 / 6642
1419 / 6642
1420 / 6642
1421 / 6642
1422 / 6642
1423 / 6642
1424 / 6642
1425 / 6642
1426 / 6642
1427 / 6642
1428 / 6642
1429 / 6642
1430 / 6642
1431 / 6642
1432 / 6642
1433 / 6642
1434 / 6642
1435 / 6642
1436 / 6642
1437 / 6642
1438 / 6642
1439 / 6642
1440 / 6642
1441 / 6642
1442 / 6642
1443 / 6642
1444 / 6642
1445 / 6642
1446 / 6642
1447 / 6642
1448 / 6642
1449 / 6642
1450 / 6642
1451 / 6642
1452 / 6642
1453 / 6642
1454 / 6642
1455 / 6642
1456 / 6642
1457 / 6642
1458 / 6642
1459 / 6642
1460 / 6642
1461 / 6642
1462 / 6642
1463 / 6642
1464 / 6642
1465 / 6642
1466 / 6642
1467 / 6642
1468 / 6642
1469 / 6642
1470 / 6642
1471 / 6642
1472 / 6642
1473 / 6642
1474 / 6642
1475 / 6642
1476 / 6642
1477 / 6642
1478 / 6642
1479 / 6642
1480 / 6642
1481 / 6642
1482 / 6642
1483 / 6642
1484 / 6642
1485 / 6642
1486 / 6642
1487 / 6642
1488 / 6642
1489 / 6642
1490 / 6642
1491 / 6642
1492 / 6642
1493 / 6642
1494 / 6642
1495 / 6642
1496 / 6642
1497 / 6642
1498 / 6642
1499 / 6642
1500 / 6642
1501 / 6642
1502 / 6642
1503 / 6642
1504 / 6642
1505 / 6642
1506 / 6642
1507 / 6642
1508 / 6642
1509 / 6642
1510 / 6642
1511 / 6642
1512 / 6642
1513 / 6642
1514 / 6642
1515 / 6642
1516 / 6642
1517 / 6642
1518 / 6642
1519 / 6642
1520 / 6642
1521 / 6642
1522 / 6642
1523 / 6642
1524 / 6642
1525 / 6642
1526 / 6642
1527 / 6642
1528 / 6642
1529 / 6642
1530 / 6642
1531 / 6642
1532 / 6642
1533 / 6642
1534 / 6642
1535 / 6642
1536 / 6642
1537 / 6642
1538 / 6642
1539 / 6642
1540 / 6642
1541 / 6642
1542 / 6642
1543 / 6642
1544 / 6642
1545 / 6642
1546 / 6642
1547 / 6642
1548 / 6642
1549 / 6642
1550 / 6642
1551 / 6642
1552 / 6642
1553 / 6642
1554 / 6642
1555 / 6642
1556 / 6642
1557 / 6642
1558 / 6642
1559 / 6642
1560 / 6642
1561 / 6642
1562 / 6642
1563 / 6642
1564 / 6642
1565 / 6642
1566 / 6642
1567 / 6642
1568 / 6642
1569 / 6642
1570 / 6642
1571 / 6642
1572 / 6642
1573 / 6642
1574 / 6642
1575 / 6642
1576 / 6642
1577 / 6642
1578 / 6642
1579 / 6642
1580 / 6642
1581 / 6642
1582 / 6642
1583 / 6642
1584 / 6642
1585 / 6642
1586 / 6642
1587 / 6642
1588 / 6642
1589 / 6642
1590 / 6642
1591 / 6642
1592 / 6642
1593 / 6642
1594 / 6642
1595 / 6642
1596 / 6642
1597 / 6642
1598 / 6642
1599 / 6642
1600 / 6642
1601 / 6642
1602 / 6642
1603 / 6642
1604 / 6642
1605 / 6642
1606 / 6642
1607 / 6642
1608 / 6642
1609 / 6642
1610 / 6642
1611 / 6642
1612 / 6642
1613 / 6642
1614 / 6642
1615 / 6642
1616 / 6642
1617 / 6642
1618 / 6642
1619 / 6642
1620 / 6642
1621 / 6642
1622 / 6642
1623 / 6642
1624 / 6642
1625 / 6642
1626 / 6642
1627 / 6642
1628 / 6642
1629 / 6642
1630 / 6642
1631 / 6642
1632 / 6642
1633 / 6642
1634 / 6642
1635 / 6642
1636 / 6642
1637 / 6642
1638 / 6642
1639 / 6642
1640 / 6642
1641 / 6642
1642 / 6642
1643 / 6642
1644 / 6642
1645 / 6642
1646 / 6642
1647 / 6642
1648 / 6642
1649 / 6642
1650 / 6642
1651 / 6642
1652 / 6642
1653 / 6642
1654 / 6642
1655 / 6642
1656 / 6642
1657 / 6642
1658 / 6642
1659 / 6642
1660 / 6642
1661 / 6642
1662 / 6642
1663 / 6642
1664 / 6642
1665 / 6642
1666 / 6642
1667 / 6642
1668 / 6642
1669 / 6642
1670 / 6642
1671 / 6642
1672 / 6642
1673 / 6642
1674 / 6642
1675 / 6642
1676 / 6642
1677 / 6642
1678 / 6642
1679 / 6642
1680 / 6642
1681 / 6642
1682 / 6642
1683 / 6642
1684 / 6642
1685 / 6642
1686 / 6642
1687 / 6642
1688 / 6642
1689 / 6642
1690 / 6642
1691 / 6642
1692 / 6642
1693 / 6642
1694 / 6642
1695 / 6642
1696 / 6642
1697 / 6642
1698 / 6642
1699 / 6642
1700 / 6642
1701 / 6642
1702 / 6642
1703 / 6642
1704 / 6642
1705 / 6642
1706 / 6642
1707 / 6642
1708 / 6642
1709 / 6642
1710 / 6642
1711 / 6642
1712 / 6642
1713 / 6642
1714 / 6642
1715 / 6642
1716 / 6642
1717 / 6642
1718 / 6642
1719 / 6642
1720 / 6642
1721 / 6642
1722 / 6642
1723 / 6642
1724 / 6642
1725 / 6642
1726 / 6642
1727 / 6642
1728 / 6642
1729 / 6642
1730 / 6642
1731 / 6642
1732 / 6642
1733 / 6642
1734 / 6642
1735 / 6642
1736 / 6642
1737 / 6642
1738 / 6642
1739 / 6642
1740 / 6642
1741 / 6642
1742 / 6642
1743 / 6642
1744 / 6642
1745 / 6642
1746 / 6642
1747 / 6642
1748 / 6642
1749 / 6642
1750 / 6642
1751 / 6642
1752 / 6642
1753 / 6642
1754 / 6642
1755 / 6642
1756 / 6642
1757 / 6642
1758 / 6642
1759 / 6642
1760 / 6642
1761 / 6642
1762 / 6642
1763 / 6642
1764 / 6642
1765 / 6642
1766 / 6642
1767 / 6642
1768 / 6642
1769 / 6642
1770 / 6642
1771 / 6642
1772 / 6642
1773 / 6642
1774 / 6642
1775 / 6642
1776 / 6642
1777 / 6642
1778 / 6642
1779 / 6642
1780 / 6642
1781 / 6642
1782 / 6642
1783 / 6642
1784 / 6642
1785 / 6642
1786 / 6642
1787 / 6642
1788 / 6642
1789 / 6642
1790 / 6642
1791 / 6642
1792 / 6642
1793 / 6642
1794 / 6642
1795 / 6642
1796 / 6642
1797 / 6642
1798 / 6642
1799 / 6642
1800 / 6642
1801 / 6642
1802 / 6642
1803 / 6642
1804 / 6642
1805 / 6642
1806 / 6642
1807 / 6642
1808 / 6642
1809 / 6642
1810 / 6642
1811 / 6642
1812 / 6642
1813 / 6642
1814 / 6642
1815 / 6642
1816 / 6642
1817 / 6642
1818 / 6642
1819 / 6642
1820 / 6642
1821 / 6642
1822 / 6642
1823 / 6642
1824 / 6642
1825 / 6642
1826 / 6642
1827 / 6642
1828 / 6642
1829 / 6642
1830 / 6642
1831 / 6642
1832 / 6642
1833 / 6642
1834 / 6642
1835 / 6642
1836 / 6642
1837 / 6642
1838 / 6642
1839 / 6642
1840 / 6642
1841 / 6642
1842 / 6642
1843 / 6642
1844 / 6642
1845 / 6642
1846 / 6642
1847 / 6642
1848 / 6642
1849 / 6642
1850 / 6642
1851 / 6642
1852 / 6642
1853 / 6642
1854 / 6642
1855 / 6642
1856 / 6642
1857 / 6642
1858 / 6642
1859 / 6642
1860 / 6642
1861 / 6642
1862 / 6642
1863 / 6642
1864 / 6642
1865 / 6642
1866 / 6642
1867 / 6642
1868 / 6642
1869 / 6642
1870 / 6642
1871 / 6642
1872 / 6642
1873 / 6642
1874 / 6642
1875 / 6642
1876 / 6642
1877 / 6642
1878 / 6642
1879 / 6642
1880 / 6642
1881 / 6642
1882 / 6642
1883 / 6642
1884 / 6642
1885 / 6642
1886 / 6642
1887 / 6642
1888 / 6642
1889 / 6642
1890 / 6642
1891 / 6642
1892 / 6642
1893 / 6642
1894 / 6642
1895 / 6642
1896 / 6642
1897 / 6642
1898 / 6642
1899 / 6642
1900 / 6642
1901 / 6642
1902 / 6642
1903 / 6642
1904 / 6642
1905 / 6642
1906 / 6642
1907 / 6642
1908 / 6642
1909 / 6642
1910 / 6642
1911 / 6642
1912 / 6642
1913 / 6642
1914 / 6642
1915 / 6642
1916 / 6642
1917 / 6642
1918 / 6642
1919 / 6642
1920 / 6642
1921 / 6642
1922 / 6642
1923 / 6642
1924 / 6642
1925 / 6642
1926 / 6642
1927 / 6642
1928 / 6642
1929 / 6642
1930 / 6642
1931 / 6642
1932 / 6642
1933 / 6642
1934 / 6642
1935 / 6642
1936 / 6642
1937 / 6642
1938 / 6642
1939 / 6642
1940 / 6642
1941 / 6642
1942 / 6642
1943 / 6642
1944 / 6642
1945 / 6642
1946 / 6642
1947 / 6642
1948 / 6642
1949 / 6642
1950 / 6642
1951 / 6642
1952 / 6642
1953 / 6642
1954 / 6642
1955 / 6642
1956 / 6642
1957 / 6642
1958 / 6642
1959 / 6642
1960 / 6642
1961 / 6642
1962 / 6642
1963 / 6642
1964 / 6642
1965 / 6642
1966 / 6642
1967 / 6642
1968 / 6642
1969 / 6642
1970 / 6642
1971 / 6642
1972 / 6642
1973 / 6642
1974 / 6642
1975 / 6642
1976 / 6642
1977 / 6642
1978 / 6642
1979 / 6642
1980 / 6642
1981 / 6642
1982 / 6642
1983 / 6642
1984 / 6642
1985 / 6642
1986 / 6642
1987 / 6642
1988 / 6642
1989 / 6642
1990 / 6642
1991 / 6642
1992 / 6642
1993 / 6642
1994 / 6642
1995 / 6642
1996 / 6642
1997 / 6642
1998 / 6642
1999 / 6642
2000 / 6642
2001 / 6642
2002 / 6642
2003 / 6642
2004 / 6642
2005 / 6642
2006 / 6642
2007 / 6642
2008 / 6642
2009 / 6642
2010 / 6642
2011 / 6642
2012 / 6642
2013 / 6642
2014 / 6642
2015 / 6642
2016 / 6642
2017 / 6642
2018 / 6642
2019 / 6642
2020 / 6642
2021 / 6642
2022 / 6642
2023 / 6642
2024 / 6642
2025 / 6642
2026 / 6642
2027 / 6642
2028 / 6642
2029 / 6642
2030 / 6642
2031 / 6642
2032 / 6642
2033 / 6642
2034 / 6642
2035 / 6642
2036 / 6642
2037 / 6642
2038 / 6642
2039 / 6642
2040 / 6642
2041 / 6642
2042 / 6642
2043 / 6642
2044 / 6642
2045 / 6642
2046 / 6642
2047 / 6642
2048 / 6642
2049 / 6642
2050 / 6642
2051 / 6642
2052 / 6642
2053 / 6642
2054 / 6642
2055 / 6642
2056 / 6642
2057 / 6642
2058 / 6642
2059 / 6642
2060 / 6642
2061 / 6642
2062 / 6642
2063 / 6642
2064 / 6642
2065 / 6642
2066 / 6642
2067 / 6642
2068 / 6642
2069 / 6642
2070 / 6642
2071 / 6642
2072 / 6642
2073 / 6642
2074 / 6642
2075 / 6642
2076 / 6642
2077 / 6642
2078 / 6642
2079 / 6642
2080 / 6642
2081 / 6642
2082 / 6642
2083 / 6642
2084 / 6642
2085 / 6642
2086 / 6642
2087 / 6642
2088 / 6642
2089 / 6642
2090 / 6642
2091 / 6642
2092 / 6642
2093 / 6642
2094 / 6642
2095 / 6642
2096 / 6642
2097 / 6642
2098 / 6642
2099 / 6642
2100 / 6642
2101 / 6642
2102 / 6642
2103 / 6642
2104 / 6642
2105 / 6642
2106 / 6642
2107 / 6642
2108 / 6642
2109 / 6642
2110 / 6642
2111 / 6642
2112 / 6642
2113 / 6642
2114 / 6642
2115 / 6642
2116 / 6642
2117 / 6642
2118 / 6642
2119 / 6642
2120 / 6642
2121 / 6642
2122 / 6642
2123 / 6642
2124 / 6642
2125 / 6642
2126 / 6642
2127 / 6642
2128 / 6642
2129 / 6642
2130 / 6642
2131 / 6642
2132 / 6642
2133 / 6642
2134 / 6642
2135 / 6642
2136 / 6642
2137 / 6642
2138 / 6642
2139 / 6642
2140 / 6642
2141 / 6642
2142 / 6642
2143 / 6642
2144 / 6642
2145 / 6642
2146 / 6642
2147 / 6642
2148 / 6642
2149 / 6642
2150 / 6642
2151 / 6642
2152 / 6642
2153 / 6642
2154 / 6642
2155 / 6642
2156 / 6642
2157 / 6642
2158 / 6642
2159 / 6642
2160 / 6642
2161 / 6642
2162 / 6642
2163 / 6642
2164 / 6642
2165 / 6642
2166 / 6642
2167 / 6642
2168 / 6642
2169 / 6642
2170 / 6642
2171 / 6642
2172 / 6642
2173 / 6642
2174 / 6642
2175 / 6642
2176 / 6642
2177 / 6642
2178 / 6642
2179 / 6642
2180 / 6642
2181 / 6642
2182 / 6642
2183 / 6642
2184 / 6642
2185 / 6642
2186 / 6642
2187 / 6642
2188 / 6642
2189 / 6642
2190 / 6642
2191 / 6642
2192 / 6642
2193 / 6642
2194 / 6642
2195 / 6642
2196 / 6642
2197 / 6642
2198 / 6642
2199 / 6642
2200 / 6642
2201 / 6642
2202 / 6642
2203 / 6642
2204 / 6642
2205 / 6642
2206 / 6642
2207 / 6642
2208 / 6642
2209 / 6642
2210 / 6642
2211 / 6642
2212 / 6642
2213 / 6642
2214 / 6642
2215 / 6642
2216 / 6642
2217 / 6642
2218 / 6642
2219 / 6642
2220 / 6642
2221 / 6642
2222 / 6642
2223 / 6642
2224 / 6642
2225 / 6642
2226 / 6642
2227 / 6642
2228 / 6642
2229 / 6642
2230 / 6642
2231 / 6642
2232 / 6642
2233 / 6642
2234 / 6642
2235 / 6642
2236 / 6642
2237 / 6642
2238 / 6642
2239 / 6642
2240 / 6642
2241 / 6642
2242 / 6642
2243 / 6642
2244 / 6642
2245 / 6642
2246 / 6642
2247 / 6642
2248 / 6642
2249 / 6642
2250 / 6642
2251 / 6642
2252 / 6642
2253 / 6642
2254 / 6642
2255 / 6642
2256 / 6642
2257 / 6642
2258 / 6642
2259 / 6642
2260 / 6642
2261 / 6642
2262 / 6642
2263 / 6642
2264 / 6642
2265 / 6642
2266 / 6642
2267 / 6642
2268 / 6642
2269 / 6642
2270 / 6642
2271 / 6642
2272 / 6642
2273 / 6642
2274 / 6642
2275 / 6642
2276 / 6642
2277 / 6642
2278 / 6642
2279 / 6642
2280 / 6642
2281 / 6642
2282 / 6642
2283 / 6642
2284 / 6642
2285 / 6642
2286 / 6642
2287 / 6642
2288 / 6642
2289 / 6642
2290 / 6642
2291 / 6642
2292 / 6642
2293 / 6642
2294 / 6642
2295 / 6642
2296 / 6642
2297 / 6642
2298 / 6642
2299 / 6642
2300 / 6642
2301 / 6642
2302 / 6642
2303 / 6642
2304 / 6642
2305 / 6642
2306 / 6642
2307 / 6642
2308 / 6642
2309 / 6642
2310 / 6642
2311 / 6642
2312 / 6642
2313 / 6642
2314 / 6642
2315 / 6642
2316 / 6642
2317 / 6642
2318 / 6642
2319 / 6642
2320 / 6642
2321 / 6642
2322 / 6642
2323 / 6642
2324 / 6642
2325 / 6642
2326 / 6642
2327 / 6642
2328 / 6642
2329 / 6642
2330 / 6642
2331 / 6642
2332 / 6642
2333 / 6642
2334 / 6642
2335 / 6642
2336 / 6642
2337 / 6642
2338 / 6642
2339 / 6642
2340 / 6642
2341 / 6642
2342 / 6642
2343 / 6642
2344 / 6642
2345 / 6642
2346 / 6642
2347 / 6642
2348 / 6642
2349 / 6642
2350 / 6642
2351 / 6642
2352 / 6642
2353 / 6642
2354 / 6642
2355 / 6642
2356 / 6642
2357 / 6642
2358 / 6642
2359 / 6642
2360 / 6642
2361 / 6642
2362 / 6642
2363 / 6642
2364 / 6642
2365 / 6642
2366 / 6642
2367 / 6642
2368 / 6642
2369 / 6642
2370 / 6642
2371 / 6642
2372 / 6642
2373 / 6642
2374 / 6642
2375 / 6642
2376 / 6642
2377 / 6642
2378 / 6642
2379 / 6642
2380 / 6642
2381 / 6642
2382 / 6642
2383 / 6642
2384 / 6642
2385 / 6642
2386 / 6642
2387 / 6642
2388 / 6642
2389 / 6642
2390 / 6642
2391 / 6642
2392 / 6642
2393 / 6642
2394 / 6642
2395 / 6642
2396 / 6642
2397 / 6642
2398 / 6642
2399 / 6642
2400 / 6642
2401 / 6642
2402 / 6642
2403 / 6642
2404 / 6642
2405 / 6642
2406 / 6642
2407 / 6642
2408 / 6642
2409 / 6642
2410 / 6642
2411 / 6642
2412 / 6642
2413 / 6642
2414 / 6642
2415 / 6642
2416 / 6642
2417 / 6642
2418 / 6642
2419 / 6642
2420 / 6642
2421 / 6642
2422 / 6642
2423 / 6642
2424 / 6642
2425 / 6642
2426 / 6642
2427 / 6642
2428 / 6642
2429 / 6642
2430 / 6642
2431 / 6642
2432 / 6642
2433 / 6642
2434 / 6642
2435 / 6642
2436 / 6642
2437 / 6642
2438 / 6642
2439 / 6642
2440 / 6642
2441 / 6642
2442 / 6642
2443 / 6642
2444 / 6642
2445 / 6642
2446 / 6642
2447 / 6642
2448 / 6642
2449 / 6642
2450 / 6642
2451 / 6642
2452 / 6642
2453 / 6642
2454 / 6642
2455 / 6642
2456 / 6642
2457 / 6642
2458 / 6642
2459 / 6642
2460 / 6642
2461 / 6642
2462 / 6642
2463 / 6642
2464 / 6642
2465 / 6642
2466 / 6642
2467 / 6642
2468 / 6642
2469 / 6642
2470 / 6642
2471 / 6642
2472 / 6642
2473 / 6642
2474 / 6642
2475 / 6642
2476 / 6642
2477 / 6642
2478 / 6642
2479 / 6642
2480 / 6642
2481 / 6642
2482 / 6642
2483 / 6642
2484 / 6642
2485 / 6642
2486 / 6642
2487 / 6642
2488 / 6642
2489 / 6642
2490 / 6642
2491 / 6642
2492 / 6642
2493 / 6642
2494 / 6642
2495 / 6642
2496 / 6642
2497 / 6642
2498 / 6642
2499 / 6642
2500 / 6642
2501 / 6642
2502 / 6642
2503 / 6642
2504 / 6642
2505 / 6642
2506 / 6642
2507 / 6642
2508 / 6642
2509 / 6642
2510 / 6642
2511 / 6642
2512 / 6642
2513 / 6642
2514 / 6642
2515 / 6642
2516 / 6642
2517 / 6642
2518 / 6642
2519 / 6642
2520 / 6642
2521 / 6642
2522 / 6642
2523 / 6642
2524 / 6642
2525 / 6642
2526 / 6642
2527 / 6642
2528 / 6642
2529 / 6642
2530 / 6642
2531 / 6642
2532 / 6642
2533 / 6642
2534 / 6642
2535 / 6642
2536 / 6642
2537 / 6642
2538 / 6642
2539 / 6642
2540 / 6642
2541 / 6642
2542 / 6642
2543 / 6642
2544 / 6642
2545 / 6642
2546 / 6642
2547 / 6642
2548 / 6642
2549 / 6642
2550 / 6642
2551 / 6642
2552 / 6642
2553 / 6642
2554 / 6642
2555 / 6642
2556 / 6642
2557 / 6642
2558 / 6642
2559 / 6642
2560 / 6642
2561 / 6642
2562 / 6642
2563 / 6642
2564 / 6642
2565 / 6642
2566 / 6642
2567 / 6642
2568 / 6642
2569 / 6642
2570 / 6642
2571 / 6642
2572 / 6642
2573 / 6642
2574 / 6642
2575 / 6642
2576 / 6642
2577 / 6642
2578 / 6642
2579 / 6642
2580 / 6642
2581 / 6642
2582 / 6642
2583 / 6642
2584 / 6642
2585 / 6642
2586 / 6642
2587 / 6642
2588 / 6642
2589 / 6642
2590 / 6642
2591 / 6642
2592 / 6642
2593 / 6642
2594 / 6642
2595 / 6642
2596 / 6642
2597 / 6642
2598 / 6642
2599 / 6642
2600 / 6642
2601 / 6642
2602 / 6642
2603 / 6642
2604 / 6642
2605 / 6642
2606 / 6642
2607 / 6642
2608 / 6642
2609 / 6642
2610 / 6642
2611 / 6642
2612 / 6642
2613 / 6642
2614 / 6642
2615 / 6642
2616 / 6642
2617 / 6642
2618 / 6642
2619 / 6642
2620 / 6642
2621 / 6642
2622 / 6642
2623 / 6642
2624 / 6642
2625 / 6642
2626 / 6642
2627 / 6642
2628 / 6642
2629 / 6642
2630 / 6642
2631 / 6642
2632 / 6642
2633 / 6642
2634 / 6642
2635 / 6642
2636 / 6642
2637 / 6642
2638 / 6642
2639 / 6642
2640 / 6642
2641 / 6642
2642 / 6642
2643 / 6642
2644 / 6642
2645 / 6642
2646 / 6642
2647 / 6642
2648 / 6642
2649 / 6642
2650 / 6642
2651 / 6642
2652 / 6642
2653 / 6642
2654 / 6642
2655 / 6642
2656 / 6642
2657 / 6642
2658 / 6642
2659 / 6642
2660 / 6642
2661 / 6642
2662 / 6642
2663 / 6642
2664 / 6642
2665 / 6642
2666 / 6642
2667 / 6642
2668 / 6642
2669 / 6642
2670 / 6642
2671 / 6642
2672 / 6642
2673 / 6642
2674 / 6642
2675 / 6642
2676 / 6642
2677 / 6642
2678 / 6642
2679 / 6642
2680 / 6642
2681 / 6642
2682 / 6642
2683 / 6642
2684 / 6642
2685 / 6642
2686 / 6642
2687 / 6642
2688 / 6642
2689 / 6642
2690 / 6642
2691 / 6642
2692 / 6642
2693 / 6642
2694 / 6642
2695 / 6642
2696 / 6642
2697 / 6642
2698 / 6642
2699 / 6642
2700 / 6642
2701 / 6642
2702 / 6642
2703 / 6642
2704 / 6642
2705 / 6642
2706 / 6642
2707 / 6642
2708 / 6642
2709 / 6642
2710 / 6642
2711 / 6642
2712 / 6642
2713 / 6642
2714 / 6642
2715 / 6642
2716 / 6642
2717 / 6642
2718 / 6642
2719 / 6642
2720 / 6642
2721 / 6642
2722 / 6642
2723 / 6642
2724 / 6642
2725 / 6642
2726 / 6642
2727 / 6642
2728 / 6642
2729 / 6642
2730 / 6642
2731 / 6642
2732 / 6642
2733 / 6642
2734 / 6642
2735 / 6642
2736 / 6642
2737 / 6642
2738 / 6642
2739 / 6642
2740 / 6642
2741 / 6642
2742 / 6642
2743 / 6642
2744 / 6642
2745 / 6642
2746 / 6642
2747 / 6642
2748 / 6642
2749 / 6642
2750 / 6642
2751 / 6642
2752 / 6642
2753 / 6642
2754 / 6642
2755 / 6642
2756 / 6642
2757 / 6642
2758 / 6642
2759 / 6642
2760 / 6642
2761 / 6642
2762 / 6642
2763 / 6642
2764 / 6642
2765 / 6642
2766 / 6642
2767 / 6642
2768 / 6642
2769 / 6642
2770 / 6642
2771 / 6642
2772 / 6642
2773 / 6642
2774 / 6642
2775 / 6642
2776 / 6642
2777 / 6642
2778 / 6642
2779 / 6642
2780 / 6642
2781 / 6642
2782 / 6642
2783 / 6642
2784 / 6642
2785 / 6642
2786 / 6642
2787 / 6642
2788 / 6642
2789 / 6642
2790 / 6642
2791 / 6642
2792 / 6642
2793 / 6642
2794 / 6642
2795 / 6642
2796 / 6642
2797 / 6642
2798 / 6642
2799 / 6642
2800 / 6642
2801 / 6642
2802 / 6642
2803 / 6642
2804 / 6642
2805 / 6642
2806 / 6642
2807 / 6642
2808 / 6642
2809 / 6642
2810 / 6642
2811 / 6642
2812 / 6642
2813 / 6642
2814 / 6642
2815 / 6642
2816 / 6642
2817 / 6642
2818 / 6642
2819 / 6642
2820 / 6642
2821 / 6642
2822 / 6642
2823 / 6642
2824 / 6642
2825 / 6642
2826 / 6642
2827 / 6642
2828 / 6642
2829 / 6642
2830 / 6642
2831 / 6642
2832 / 6642
2833 / 6642
2834 / 6642
2835 / 6642
2836 / 6642
2837 / 6642
2838 / 6642
2839 / 6642
2840 / 6642
2841 / 6642
2842 / 6642
2843 / 6642
2844 / 6642
2845 / 6642
2846 / 6642
2847 / 6642
2848 / 6642
2849 / 6642
2850 / 6642
2851 / 6642
2852 / 6642
2853 / 6642
2854 / 6642
2855 / 6642
2856 / 6642
2857 / 6642
2858 / 6642
2859 / 6642
2860 / 6642
2861 / 6642
2862 / 6642
2863 / 6642
2864 / 6642
2865 / 6642
2866 / 6642
2867 / 6642
2868 / 6642
2869 / 6642
2870 / 6642
2871 / 6642
2872 / 6642
2873 / 6642
2874 / 6642
2875 / 6642
2876 / 6642
2877 / 6642
2878 / 6642
2879 / 6642
2880 / 6642
2881 / 6642
2882 / 6642
2883 / 6642
2884 / 6642
2885 / 6642
2886 / 6642
2887 / 6642
2888 / 6642
2889 / 6642
2890 / 6642
2891 / 6642
2892 / 6642
2893 / 6642
2894 / 6642
2895 / 6642
2896 / 6642
2897 / 6642
2898 / 6642
2899 / 6642
2900 / 6642
2901 / 6642
2902 / 6642
2903 / 6642
2904 / 6642
2905 / 6642
2906 / 6642
2907 / 6642
2908 / 6642
2909 / 6642
2910 / 6642
2911 / 6642
2912 / 6642
2913 / 6642
2914 / 6642
2915 / 6642
2916 / 6642
2917 / 6642
2918 / 6642
2919 / 6642
2920 / 6642
2921 / 6642
2922 / 6642
2923 / 6642
2924 / 6642
2925 / 6642
2926 / 6642
2927 / 6642
2928 / 6642
2929 / 6642
2930 / 6642
2931 / 6642
2932 / 6642
2933 / 6642
2934 / 6642
2935 / 6642
2936 / 6642
2937 / 6642
2938 / 6642
2939 / 6642
2940 / 6642
2941 / 6642
2942 / 6642
2943 / 6642
2944 / 6642
2945 / 6642
2946 / 6642
2947 / 6642
2948 / 6642
2949 / 6642
2950 / 6642
2951 / 6642
2952 / 6642
2953 / 6642
2954 / 6642
2955 / 6642
2956 / 6642
2957 / 6642
2958 / 6642
2959 / 6642
2960 / 6642
2961 / 6642
2962 / 6642
2963 / 6642
2964 / 6642
2965 / 6642
2966 / 6642
2967 / 6642
2968 / 6642
2969 / 6642
2970 / 6642
2971 / 6642
2972 / 6642
2973 / 6642
2974 / 6642
2975 / 6642
2976 / 6642
2977 / 6642
2978 / 6642
2979 / 6642
2980 / 6642
2981 / 6642
2982 / 6642
2983 / 6642
2984 / 6642
2985 / 6642
2986 / 6642
2987 / 6642
2988 / 6642
2989 / 6642
2990 / 6642
2991 / 6642
2992 / 6642
2993 / 6642
2994 / 6642
2995 / 6642
2996 / 6642
2997 / 6642
2998 / 6642
2999 / 6642
3000 / 6642
3001 / 6642
3002 / 6642
3003 / 6642
3004 / 6642
3005 / 6642
3006 / 6642
3007 / 6642
3008 / 6642
3009 / 6642
3010 / 6642
3011 / 6642
3012 / 6642
3013 / 6642
3014 / 6642
3015 / 6642
3016 / 6642
3017 / 6642
3018 / 6642
3019 / 6642
3020 / 6642
3021 / 6642
3022 / 6642
3023 / 6642
3024 / 6642
3025 / 6642
3026 / 6642
3027 / 6642
3028 / 6642
3029 / 6642
3030 / 6642
3031 / 6642
3032 / 6642
3033 / 6642
3034 / 6642
3035 / 6642
3036 / 6642
3037 / 6642
3038 / 6642
3039 / 6642
3040 / 6642
3041 / 6642
3042 / 6642
3043 / 6642
3044 / 6642
3045 / 6642
3046 / 6642
3047 / 6642
3048 / 6642
3049 / 6642
3050 / 6642
3051 / 6642
3052 / 6642
3053 / 6642
3054 / 6642
3055 / 6642
3056 / 6642
3057 / 6642
3058 / 6642
3059 / 6642
3060 / 6642
3061 / 6642
3062 / 6642
3063 / 6642
3064 / 6642
3065 / 6642
3066 / 6642
3067 / 6642
3068 / 6642
3069 / 6642
3070 / 6642
3071 / 6642
3072 / 6642
3073 / 6642
3074 / 6642
3075 / 6642
3076 / 6642
3077 / 6642
3078 / 6642
3079 / 6642
3080 / 6642
3081 / 6642
3082 / 6642
3083 / 6642
3084 / 6642
3085 / 6642
3086 / 6642
3087 / 6642
3088 / 6642
3089 / 6642
3090 / 6642
3091 / 6642
3092 / 6642
3093 / 6642
3094 / 6642
3095 / 6642
3096 / 6642
3097 / 6642
3098 / 6642
3099 / 6642
3100 / 6642
3101 / 6642
3102 / 6642
3103 / 6642
3104 / 6642
3105 / 6642
3106 / 6642
3107 / 6642
3108 / 6642
3109 / 6642
3110 / 6642
3111 / 6642
3112 / 6642
3113 / 6642
3114 / 6642
3115 / 6642
3116 / 6642
3117 / 6642
3118 / 6642
3119 / 6642
3120 / 6642
3121 / 6642
3122 / 6642
3123 / 6642
3124 / 6642
3125 / 6642
3126 / 6642
3127 / 6642
3128 / 6642
3129 / 6642
3130 / 6642
3131 / 6642
3132 / 6642
3133 / 6642
3134 / 6642
3135 / 6642
3136 / 6642
3137 / 6642
3138 / 6642
3139 / 6642
3140 / 6642
3141 / 6642
3142 / 6642
3143 / 6642
3144 / 6642
3145 / 6642
3146 / 6642
3147 / 6642
3148 / 6642
3149 / 6642
3150 / 6642
3151 / 6642
3152 / 6642
3153 / 6642
3154 / 6642
3155 / 6642
3156 / 6642
3157 / 6642
3158 / 6642
3159 / 6642
3160 / 6642
3161 / 6642
3162 / 6642
3163 / 6642
3164 / 6642
3165 / 6642
3166 / 6642
3167 / 6642
3168 / 6642
3169 / 6642
3170 / 6642
3171 / 6642
3172 / 6642
3173 / 6642
3174 / 6642
3175 / 6642
3176 / 6642
3177 / 6642
3178 / 6642
3179 / 6642
3180 / 6642
3181 / 6642
3182 / 6642
3183 / 6642
3184 / 6642
3185 / 6642
3186 / 6642
3187 / 6642
3188 / 6642
3189 / 6642
3190 / 6642
3191 / 6642
3192 / 6642
3193 / 6642
3194 / 6642
3195 / 6642
3196 / 6642
3197 / 6642
3198 / 6642
3199 / 6642
3200 / 6642
3201 / 6642
3202 / 6642
3203 / 6642
3204 / 6642
3205 / 6642
3206 / 6642
3207 / 6642
3208 / 6642
3209 / 6642
3210 / 6642
3211 / 6642
3212 / 6642
3213 / 6642
3214 / 6642
3215 / 6642
3216 / 6642
3217 / 6642
3218 / 6642
3219 / 6642
3220 / 6642
3221 / 6642
3222 / 6642
3223 / 6642
3224 / 6642
3225 / 6642
3226 / 6642
3227 / 6642
3228 / 6642
3229 / 6642
3230 / 6642
3231 / 6642
3232 / 6642
3233 / 6642
3234 / 6642
3235 / 6642
3236 / 6642
3237 / 6642
3238 / 6642
3239 / 6642
3240 / 6642
3241 / 6642
3242 / 6642
3243 / 6642
3244 / 6642
3245 / 6642
3246 / 6642
3247 / 6642
3248 / 6642
3249 / 6642
3250 / 6642
3251 / 6642
3252 / 6642
3253 / 6642
3254 / 6642
3255 / 6642
3256 / 6642
3257 / 6642
3258 / 6642
3259 / 6642
3260 / 6642
3261 / 6642
3262 / 6642
3263 / 6642
3264 / 6642
3265 / 6642
3266 / 6642
3267 / 6642
3268 / 6642
3269 / 6642
3270 / 6642
3271 / 6642
3272 / 6642
3273 / 6642
3274 / 6642
3275 / 6642
3276 / 6642
3277 / 6642
3278 / 6642
3279 / 6642
3280 / 6642
3281 / 6642
3282 / 6642
3283 / 6642
3284 / 6642
3285 / 6642
3286 / 6642
3287 / 6642
3288 / 6642
3289 / 6642
3290 / 6642
3291 / 6642
3292 / 6642
3293 / 6642
3294 / 6642
3295 / 6642
3296 / 6642
3297 / 6642
3298 / 6642
3299 / 6642
3300 / 6642
3301 / 6642
3302 / 6642
3303 / 6642
3304 / 6642
3305 / 6642
3306 / 6642
3307 / 6642
3308 / 6642
3309 / 6642
3310 / 6642
3311 / 6642
3312 / 6642
3313 / 6642
3314 / 6642
3315 / 6642
3316 / 6642
3317 / 6642
3318 / 6642
3319 / 6642
3320 / 6642
3321 / 6642
3322 / 6642
3323 / 6642
3324 / 6642
3325 / 6642
3326 / 6642
3327 / 6642
3328 / 6642
3329 / 6642
3330 / 6642
3331 / 6642
3332 / 6642
3333 / 6642
3334 / 6642
3335 / 6642
3336 / 6642
3337 / 6642
3338 / 6642
3339 / 6642
3340 / 6642
3341 / 6642
3342 / 6642
3343 / 6642
3344 / 6642
3345 / 6642
3346 / 6642
3347 / 6642
3348 / 6642
3349 / 6642
3350 / 6642
3351 / 6642
3352 / 6642
3353 / 6642
3354 / 6642
3355 / 6642
3356 / 6642
3357 / 6642
3358 / 6642
3359 / 6642
3360 / 6642
3361 / 6642
3362 / 6642
3363 / 6642
3364 / 6642
3365 / 6642
3366 / 6642
3367 / 6642
3368 / 6642
3369 / 6642
3370 / 6642
3371 / 6642
3372 / 6642
3373 / 6642
3374 / 6642
3375 / 6642
3376 / 6642
3377 / 6642
3378 / 6642
3379 / 6642
3380 / 6642
3381 / 6642
3382 / 6642
3383 / 6642
3384 / 6642
3385 / 6642
3386 / 6642
3387 / 6642
3388 / 6642
3389 / 6642
3390 / 6642
3391 / 6642
3392 / 6642
3393 / 6642
3394 / 6642
3395 / 6642
3396 / 6642
3397 / 6642
3398 / 6642
3399 / 6642
3400 / 6642
3401 / 6642
3402 / 6642
3403 / 6642
3404 / 6642
3405 / 6642
3406 / 6642
3407 / 6642
3408 / 6642
3409 / 6642
3410 / 6642
3411 / 6642
3412 / 6642
3413 / 6642
3414 / 6642
3415 / 6642
3416 / 6642
3417 / 6642
3418 / 6642
3419 / 6642
3420 / 6642
3421 / 6642
3422 / 6642
3423 / 6642
3424 / 6642
3425 / 6642
3426 / 6642
3427 / 6642
3428 / 6642
3429 / 6642
3430 / 6642
3431 / 6642
3432 / 6642
3433 / 6642
3434 / 6642
3435 / 6642
3436 / 6642
3437 / 6642
3438 / 6642
3439 / 6642
3440 / 6642
3441 / 6642
3442 / 6642
3443 / 6642
3444 / 6642
3445 / 6642
3446 / 6642
3447 / 6642
3448 / 6642
3449 / 6642
3450 / 6642
3451 / 6642
3452 / 6642
3453 / 6642
3454 / 6642
3455 / 6642
3456 / 6642
3457 / 6642
3458 / 6642
3459 / 6642
3460 / 6642
3461 / 6642
3462 / 6642
3463 / 6642
3464 / 6642
3465 / 6642
3466 / 6642
3467 / 6642
3468 / 6642
3469 / 6642
3470 / 6642
3471 / 6642
3472 / 6642
3473 / 6642
3474 / 6642
3475 / 6642
3476 / 6642
3477 / 6642
3478 / 6642
3479 / 6642
3480 / 6642
3481 / 6642
3482 / 6642
3483 / 6642
3484 / 6642
3485 / 6642
3486 / 6642
3487 / 6642
3488 / 6642
3489 / 6642
3490 / 6642
3491 / 6642
3492 / 6642
3493 / 6642
3494 / 6642
3495 / 6642
3496 / 6642
3497 / 6642
3498 / 6642
3499 / 6642
3500 / 6642
3501 / 6642
3502 / 6642
3503 / 6642
3504 / 6642
3505 / 6642
3506 / 6642
3507 / 6642
3508 / 6642
3509 / 6642
3510 / 6642
3511 / 6642
3512 / 6642
3513 / 6642
3514 / 6642
3515 / 6642
3516 / 6642
3517 / 6642
3518 / 6642
3519 / 6642
3520 / 6642
3521 / 6642
3522 / 6642
3523 / 6642
3524 / 6642
3525 / 6642
3526 / 6642
3527 / 6642
3528 / 6642
3529 / 6642
3530 / 6642
3531 / 6642
3532 / 6642
3533 / 6642
3534 / 6642
3535 / 6642
3536 / 6642
3537 / 6642
3538 / 6642
3539 / 6642
3540 / 6642
3541 / 6642
3542 / 6642
3543 / 6642
3544 / 6642
3545 / 6642
3546 / 6642
3547 / 6642
3548 / 6642
3549 / 6642
3550 / 6642
3551 / 6642
3552 / 6642
3553 / 6642
3554 / 6642
3555 / 6642
3556 / 6642
3557 / 6642
3558 / 6642
3559 / 6642
3560 / 6642
3561 / 6642
3562 / 6642
3563 / 6642
3564 / 6642
3565 / 6642
3566 / 6642
3567 / 6642
3568 / 6642
3569 / 6642
3570 / 6642
3571 / 6642
3572 / 6642
3573 / 6642
3574 / 6642
3575 / 6642
3576 / 6642
3577 / 6642
3578 / 6642
3579 / 6642
3580 / 6642
3581 / 6642
3582 / 6642
3583 / 6642
3584 / 6642
3585 / 6642
3586 / 6642
3587 / 6642
3588 / 6642
3589 / 6642
3590 / 6642
3591 / 6642
3592 / 6642
3593 / 6642
3594 / 6642
3595 / 6642
3596 / 6642
3597 / 6642
3598 / 6642
3599 / 6642
3600 / 6642
3601 / 6642
3602 / 6642
3603 / 6642
3604 / 6642
3605 / 6642
3606 / 6642
3607 / 6642
3608 / 6642
3609 / 6642
3610 / 6642
3611 / 6642
3612 / 6642
3613 / 6642
3614 / 6642
3615 / 6642
3616 / 6642
3617 / 6642
3618 / 6642
3619 / 6642
3620 / 6642
3621 / 6642
3622 / 6642
3623 / 6642
3624 / 6642
3625 / 6642
3626 / 6642
3627 / 6642
3628 / 6642
3629 / 6642
3630 / 6642
3631 / 6642
3632 / 6642
3633 / 6642
3634 / 6642
3635 / 6642
3636 / 6642
3637 / 6642
3638 / 6642
3639 / 6642
3640 / 6642
3641 / 6642
3642 / 6642
3643 / 6642
3644 / 6642
3645 / 6642
3646 / 6642
3647 / 6642
3648 / 6642
3649 / 6642
3650 / 6642
3651 / 6642
3652 / 6642
3653 / 6642
3654 / 6642
3655 / 6642
3656 / 6642
3657 / 6642
3658 / 6642
3659 / 6642
3660 / 6642
3661 / 6642
3662 / 6642
3663 / 6642
3664 / 6642
3665 / 6642
3666 / 6642
3667 / 6642
3668 / 6642
3669 / 6642
3670 / 6642
3671 / 6642
3672 / 6642
3673 / 6642
3674 / 6642
3675 / 6642
3676 / 6642
3677 / 6642
3678 / 6642
3679 / 6642
3680 / 6642
3681 / 6642
3682 / 6642
3683 / 6642
3684 / 6642
3685 / 6642
3686 / 6642
3687 / 6642
3688 / 6642
3689 / 6642
3690 / 6642
3691 / 6642
3692 / 6642
3693 / 6642
3694 / 6642
3695 / 6642
3696 / 6642
3697 / 6642
3698 / 6642
3699 / 6642
3700 / 6642
3701 / 6642
3702 / 6642
3703 / 6642
3704 / 6642
3705 / 6642
3706 / 6642
3707 / 6642
3708 / 6642
3709 / 6642
3710 / 6642
3711 / 6642
3712 / 6642
3713 / 6642
3714 / 6642
3715 / 6642
3716 / 6642
3717 / 6642
3718 / 6642
3719 / 6642
3720 / 6642
3721 / 6642
3722 / 6642
3723 / 6642
3724 / 6642
3725 / 6642
3726 / 6642
3727 / 6642
3728 / 6642
3729 / 6642
3730 / 6642
3731 / 6642
3732 / 6642
3733 / 6642
3734 / 6642
3735 / 6642
3736 / 6642
3737 / 6642
3738 / 6642
3739 / 6642
3740 / 6642
3741 / 6642
3742 / 6642
3743 / 6642
3744 / 6642
3745 / 6642
3746 / 6642
3747 / 6642
3748 / 6642
3749 / 6642
3750 / 6642
3751 / 6642
3752 / 6642
3753 / 6642
3754 / 6642
3755 / 6642
3756 / 6642
3757 / 6642
3758 / 6642
3759 / 6642
3760 / 6642
3761 / 6642
3762 / 6642
3763 / 6642
3764 / 6642
3765 / 6642
3766 / 6642
3767 / 6642
3768 / 6642
3769 / 6642
3770 / 6642
3771 / 6642
3772 / 6642
3773 / 6642
3774 / 6642
3775 / 6642
3776 / 6642
3777 / 6642
3778 / 6642
3779 / 6642
3780 / 6642
3781 / 6642
3782 / 6642
3783 / 6642
3784 / 6642
3785 / 6642
3786 / 6642
3787 / 6642
3788 / 6642
3789 / 6642
3790 / 6642
3791 / 6642
3792 / 6642
3793 / 6642
3794 / 6642
3795 / 6642
3796 / 6642
3797 / 6642
3798 / 6642
3799 / 6642
3800 / 6642
3801 / 6642
3802 / 6642
3803 / 6642
3804 / 6642
3805 / 6642
3806 / 6642
3807 / 6642
3808 / 6642
3809 / 6642
3810 / 6642
3811 / 6642
3812 / 6642
3813 / 6642
3814 / 6642
3815 / 6642
3816 / 6642
3817 / 6642
3818 / 6642
3819 / 6642
3820 / 6642
3821 / 6642
3822 / 6642
3823 / 6642
3824 / 6642
3825 / 6642
3826 / 6642
3827 / 6642
3828 / 6642
3829 / 6642
3830 / 6642
3831 / 6642
3832 / 6642
3833 / 6642
3834 / 6642
3835 / 6642
3836 / 6642
3837 / 6642
3838 / 6642
3839 / 6642
3840 / 6642
3841 / 6642
3842 / 6642
3843 / 6642
3844 / 6642
3845 / 6642
3846 / 6642
3847 / 6642
3848 / 6642
3849 / 6642
3850 / 6642
3851 / 6642
3852 / 6642
3853 / 6642
3854 / 6642
3855 / 6642
3856 / 6642
3857 / 6642
3858 / 6642
3859 / 6642
3860 / 6642
3861 / 6642
3862 / 6642
3863 / 6642
3864 / 6642
3865 / 6642
3866 / 6642
3867 / 6642
3868 / 6642
3869 / 6642
3870 / 6642
3871 / 6642
3872 / 6642
3873 / 6642
3874 / 6642
3875 / 6642
3876 / 6642
3877 / 6642
3878 / 6642
3879 / 6642
3880 / 6642
3881 / 6642
3882 / 6642
3883 / 6642
3884 / 6642
3885 / 6642
3886 / 6642
3887 / 6642
3888 / 6642
3889 / 6642
3890 / 6642
3891 / 6642
3892 / 6642
3893 / 6642
3894 / 6642
3895 / 6642
3896 / 6642
3897 / 6642
3898 / 6642
3899 / 6642
3900 / 6642
3901 / 6642
3902 / 6642
3903 / 6642
3904 / 6642
3905 / 6642
3906 / 6642
3907 / 6642
3908 / 6642
3909 / 6642
3910 / 6642
3911 / 6642
3912 / 6642
3913 / 6642
3914 / 6642
3915 / 6642
3916 / 6642
3917 / 6642
3918 / 6642
3919 / 6642
3920 / 6642
3921 / 6642
3922 / 6642
3923 / 6642
3924 / 6642
3925 / 6642
3926 / 6642
3927 / 6642
3928 / 6642
3929 / 6642
3930 / 6642
3931 / 6642
3932 / 6642
3933 / 6642
3934 / 6642
3935 / 6642
3936 / 6642
3937 / 6642
3938 / 6642
3939 / 6642
3940 / 6642
3941 / 6642
3942 / 6642
3943 / 6642
3944 / 6642
3945 / 6642
3946 / 6642
3947 / 6642
3948 / 6642
3949 / 6642
3950 / 6642
3951 / 6642
3952 / 6642
3953 / 6642
3954 / 6642
3955 / 6642
3956 / 6642
3957 / 6642
3958 / 6642
3959 / 6642
3960 / 6642
3961 / 6642
3962 / 6642
3963 / 6642
3964 / 6642
3965 / 6642
3966 / 6642
3967 / 6642
3968 / 6642
3969 / 6642
3970 / 6642
3971 / 6642
3972 / 6642
3973 / 6642
3974 / 6642
3975 / 6642
3976 / 6642
3977 / 6642
3978 / 6642
3979 / 6642
3980 / 6642
3981 / 6642
3982 / 6642
3983 / 6642
3984 / 6642
3985 / 6642
3986 / 6642
3987 / 6642
3988 / 6642
3989 / 6642
3990 / 6642
3991 / 6642
3992 / 6642
3993 / 6642
3994 / 6642
3995 / 6642
3996 / 6642
3997 / 6642
3998 / 6642
3999 / 6642
4000 / 6642
4001 / 6642
4002 / 6642
4003 / 6642
4004 / 6642
4005 / 6642
4006 / 6642
4007 / 6642
4008 / 6642
4009 / 6642
4010 / 6642
4011 / 6642
4012 / 6642
4013 / 6642
4014 / 6642
4015 / 6642
4016 / 6642
4017 / 6642
4018 / 6642
4019 / 6642
4020 / 6642
4021 / 6642
4022 / 6642
4023 / 6642
4024 / 6642
4025 / 6642
4026 / 6642
4027 / 6642
4028 / 6642
4029 / 6642
4030 / 6642
4031 / 6642
4032 / 6642
4033 / 6642
4034 / 6642
4035 / 6642
4036 / 6642
4037 / 6642
4038 / 6642
4039 / 6642
4040 / 6642
4041 / 6642
4042 / 6642
4043 / 6642
4044 / 6642
4045 / 6642
4046 / 6642
4047 / 6642
4048 / 6642
4049 / 6642
4050 / 6642
4051 / 6642
4052 / 6642
4053 / 6642
4054 / 6642
4055 / 6642
4056 / 6642
4057 / 6642
4058 / 6642
4059 / 6642
4060 / 6642
4061 / 6642
4062 / 6642
4063 / 6642
4064 / 6642
4065 / 6642
4066 / 6642
4067 / 6642
4068 / 6642
4069 / 6642
4070 / 6642
4071 / 6642
4072 / 6642
4073 / 6642
4074 / 6642
4075 / 6642
4076 / 6642
4077 / 6642
4078 / 6642
4079 / 6642
4080 / 6642
4081 / 6642
4082 / 6642
4083 / 6642
4084 / 6642
4085 / 6642
4086 / 6642
4087 / 6642
4088 / 6642
4089 / 6642
4090 / 6642
4091 / 6642
4092 / 6642
4093 / 6642
4094 / 6642
4095 / 6642
4096 / 6642
4097 / 6642
4098 / 6642
4099 / 6642
4100 / 6642
4101 / 6642
4102 / 6642
4103 / 6642
4104 / 6642
4105 / 6642
4106 / 6642
4107 / 6642
4108 / 6642
4109 / 6642
4110 / 6642
4111 / 6642
4112 / 6642
4113 / 6642
4114 / 6642
4115 / 6642
4116 / 6642
4117 / 6642
4118 / 6642
4119 / 6642
4120 / 6642
4121 / 6642
4122 / 6642
4123 / 6642
4124 / 6642
4125 / 6642
4126 / 6642
4127 / 6642
4128 / 6642
4129 / 6642
4130 / 6642
4131 / 6642
4132 / 6642
4133 / 6642
4134 / 6642
4135 / 6642
4136 / 6642
4137 / 6642
4138 / 6642
4139 / 6642
4140 / 6642
4141 / 6642
4142 / 6642
4143 / 6642
4144 / 6642
4145 / 6642
4146 / 6642
4147 / 6642
4148 / 6642
4149 / 6642
4150 / 6642
4151 / 6642
4152 / 6642
4153 / 6642
4154 / 6642
4155 / 6642
4156 / 6642
4157 / 6642
4158 / 6642
4159 / 6642
4160 / 6642
4161 / 6642
4162 / 6642
4163 / 6642
4164 / 6642
4165 / 6642
4166 / 6642
4167 / 6642
4168 / 6642
4169 / 6642
4170 / 6642
4171 / 6642
4172 / 6642
4173 / 6642
4174 / 6642
4175 / 6642
4176 / 6642
4177 / 6642
4178 / 6642
4179 / 6642
4180 / 6642
4181 / 6642
4182 / 6642
4183 / 6642
4184 / 6642
4185 / 6642
4186 / 6642
4187 / 6642
4188 / 6642
4189 / 6642
4190 / 6642
4191 / 6642
4192 / 6642
4193 / 6642
4194 / 6642
4195 / 6642
4196 / 6642
4197 / 6642
4198 / 6642
4199 / 6642
4200 / 6642
4201 / 6642
4202 / 6642
4203 / 6642
4204 / 6642
4205 / 6642
4206 / 6642
4207 / 6642
4208 / 6642
4209 / 6642
4210 / 6642
4211 / 6642
4212 / 6642
4213 / 6642
4214 / 6642
4215 / 6642
4216 / 6642
4217 / 6642
4218 / 6642
4219 / 6642
4220 / 6642
4221 / 6642
4222 / 6642
4223 / 6642
4224 / 6642
4225 / 6642
4226 / 6642
4227 / 6642
4228 / 6642
4229 / 6642
4230 / 6642
4231 / 6642
4232 / 6642
4233 / 6642
4234 / 6642
4235 / 6642
4236 / 6642
4237 / 6642
4238 / 6642
4239 / 6642
4240 / 6642
4241 / 6642
4242 / 6642
4243 / 6642
4244 / 6642
4245 / 6642
4246 / 6642
4247 / 6642
4248 / 6642
4249 / 6642
4250 / 6642
4251 / 6642
4252 / 6642
4253 / 6642
4254 / 6642
4255 / 6642
4256 / 6642
4257 / 6642
4258 / 6642
4259 / 6642
4260 / 6642
4261 / 6642
4262 / 6642
4263 / 6642
4264 / 6642
4265 / 6642
4266 / 6642
4267 / 6642
4268 / 6642
4269 / 6642
4270 / 6642
4271 / 6642
4272 / 6642
4273 / 6642
4274 / 6642
4275 / 6642
4276 / 6642
4277 / 6642
4278 / 6642
4279 / 6642
4280 / 6642
4281 / 6642
4282 / 6642
4283 / 6642
4284 / 6642
4285 / 6642
4286 / 6642
4287 / 6642
4288 / 6642
4289 / 6642
4290 / 6642
4291 / 6642
4292 / 6642
4293 / 6642
4294 / 6642
4295 / 6642
4296 / 6642
4297 / 6642
4298 / 6642
4299 / 6642
4300 / 6642
4301 / 6642
4302 / 6642
4303 / 6642
4304 / 6642
4305 / 6642
4306 / 6642
4307 / 6642
4308 / 6642
4309 / 6642
4310 / 6642
4311 / 6642
4312 / 6642
4313 / 6642
4314 / 6642
4315 / 6642
4316 / 6642
4317 / 6642
4318 / 6642
4319 / 6642
4320 / 6642
4321 / 6642
4322 / 6642
4323 / 6642
4324 / 6642
4325 / 6642
4326 / 6642
4327 / 6642
4328 / 6642
4329 / 6642
4330 / 6642
4331 / 6642
4332 / 6642
4333 / 6642
4334 / 6642
4335 / 6642
4336 / 6642
4337 / 6642
4338 / 6642
4339 / 6642
4340 / 6642
4341 / 6642
4342 / 6642
4343 / 6642
4344 / 6642
4345 / 6642
4346 / 6642
4347 / 6642
4348 / 6642
4349 / 6642
4350 / 6642
4351 / 6642
4352 / 6642
4353 / 6642
4354 / 6642
4355 / 6642
4356 / 6642
4357 / 6642
4358 / 6642
4359 / 6642
4360 / 6642
4361 / 6642
4362 / 6642
4363 / 6642
4364 / 6642
4365 / 6642
4366 / 6642
4367 / 6642
4368 / 6642
4369 / 6642
4370 / 6642
4371 / 6642
4372 / 6642
4373 / 6642
4374 / 6642
4375 / 6642
4376 / 6642
4377 / 6642
4378 / 6642
4379 / 6642
4380 / 6642
4381 / 6642
4382 / 6642
4383 / 6642
4384 / 6642
4385 / 6642
4386 / 6642
4387 / 6642
4388 / 6642
4389 / 6642
4390 / 6642
4391 / 6642
4392 / 6642
4393 / 6642
4394 / 6642
4395 / 6642
4396 / 6642
4397 / 6642
4398 / 6642
4399 / 6642
4400 / 6642
4401 / 6642
4402 / 6642
4403 / 6642
4404 / 6642
4405 / 6642
4406 / 6642
4407 / 6642
4408 / 6642
4409 / 6642
4410 / 6642
4411 / 6642
4412 / 6642
4413 / 6642
4414 / 6642
4415 / 6642
4416 / 6642
4417 / 6642
4418 / 6642
4419 / 6642
4420 / 6642
4421 / 6642
4422 / 6642
4423 / 6642
4424 / 6642
4425 / 6642
4426 / 6642
4427 / 6642
4428 / 6642
4429 / 6642
4430 / 6642
4431 / 6642
4432 / 6642
4433 / 6642
4434 / 6642
4435 / 6642
4436 / 6642
4437 / 6642
4438 / 6642
4439 / 6642
4440 / 6642
4441 / 6642
4442 / 6642
4443 / 6642
4444 / 6642
4445 / 6642
4446 / 6642
4447 / 6642
4448 / 6642
4449 / 6642
4450 / 6642
4451 / 6642
4452 / 6642
4453 / 6642
4454 / 6642
4455 / 6642
4456 / 6642
4457 / 6642
4458 / 6642
4459 / 6642
4460 / 6642
4461 / 6642
4462 / 6642
4463 / 6642
4464 / 6642
4465 / 6642
4466 / 6642
4467 / 6642
4468 / 6642
4469 / 6642
4470 / 6642
4471 / 6642
4472 / 6642
4473 / 6642
4474 / 6642
4475 / 6642
4476 / 6642
4477 / 6642
4478 / 6642
4479 / 6642
4480 / 6642
4481 / 6642
4482 / 6642
4483 / 6642
4484 / 6642
4485 / 6642
4486 / 6642
4487 / 6642
4488 / 6642
4489 / 6642
4490 / 6642
4491 / 6642
4492 / 6642
4493 / 6642
4494 / 6642
4495 / 6642
4496 / 6642
4497 / 6642
4498 / 6642
4499 / 6642
4500 / 6642
4501 / 6642
4502 / 6642
4503 / 6642
4504 / 6642
4505 / 6642
4506 / 6642
4507 / 6642
4508 / 6642
4509 / 6642
4510 / 6642
4511 / 6642
4512 / 6642
4513 / 6642
4514 / 6642
4515 / 6642
4516 / 6642
4517 / 6642
4518 / 6642
4519 / 6642
4520 / 6642
4521 / 6642
4522 / 6642
4523 / 6642
4524 / 6642
4525 / 6642
4526 / 6642
4527 / 6642
4528 / 6642
4529 / 6642
4530 / 6642
4531 / 6642
4532 / 6642
4533 / 6642
4534 / 6642
4535 / 6642
4536 / 6642
4537 / 6642
4538 / 6642
4539 / 6642
4540 / 6642
4541 / 6642
4542 / 6642
4543 / 6642
4544 / 6642
4545 / 6642
4546 / 6642
4547 / 6642
4548 / 6642
4549 / 6642
4550 / 6642
4551 / 6642
4552 / 6642
4553 / 6642
4554 / 6642
4555 / 6642
4556 / 6642
4557 / 6642
4558 / 6642
4559 / 6642
4560 / 6642
4561 / 6642
4562 / 6642
4563 / 6642
4564 / 6642
4565 / 6642
4566 / 6642
4567 / 6642
4568 / 6642
4569 / 6642
4570 / 6642
4571 / 6642
4572 / 6642
4573 / 6642
4574 / 6642
4575 / 6642
4576 / 6642
4577 / 6642
4578 / 6642
4579 / 6642
4580 / 6642
4581 / 6642
4582 / 6642
4583 / 6642
4584 / 6642
4585 / 6642
4586 / 6642
4587 / 6642
4588 / 6642
4589 / 6642
4590 / 6642
4591 / 6642
4592 / 6642
4593 / 6642
4594 / 6642
4595 / 6642
4596 / 6642
4597 / 6642
4598 / 6642
4599 / 6642
4600 / 6642
4601 / 6642
4602 / 6642
4603 / 6642
4604 / 6642
4605 / 6642
4606 / 6642
4607 / 6642
4608 / 6642
4609 / 6642
4610 / 6642
4611 / 6642
4612 / 6642
4613 / 6642
4614 / 6642
4615 / 6642
4616 / 6642
4617 / 6642
4618 / 6642
4619 / 6642
4620 / 6642
4621 / 6642
4622 / 6642
4623 / 6642
4624 / 6642
4625 / 6642
4626 / 6642
4627 / 6642
4628 / 6642
4629 / 6642
4630 / 6642
4631 / 6642
4632 / 6642
4633 / 6642
4634 / 6642
4635 / 6642
4636 / 6642
4637 / 6642
4638 / 6642
4639 / 6642
4640 / 6642
4641 / 6642
4642 / 6642
4643 / 6642
4644 / 6642
4645 / 6642
4646 / 6642
4647 / 6642
4648 / 6642
4649 / 6642
4650 / 6642
4651 / 6642
4652 / 6642
4653 / 6642
4654 / 6642
4655 / 6642
4656 / 6642
4657 / 6642
4658 / 6642
4659 / 6642
4660 / 6642
4661 / 6642
4662 / 6642
4663 / 6642
4664 / 6642
4665 / 6642
4666 / 6642
4667 / 6642
4668 / 6642
4669 / 6642
4670 / 6642
4671 / 6642
4672 / 6642
4673 / 6642
4674 / 6642
4675 / 6642
4676 / 6642
4677 / 6642
4678 / 6642
4679 / 6642
4680 / 6642
4681 / 6642
4682 / 6642
4683 / 6642
4684 / 6642
4685 / 6642
4686 / 6642
4687 / 6642
4688 / 6642
4689 / 6642
4690 / 6642
4691 / 6642
4692 / 6642
4693 / 6642
4694 / 6642
4695 / 6642
4696 / 6642
4697 / 6642
4698 / 6642
4699 / 6642
4700 / 6642
4701 / 6642
4702 / 6642
4703 / 6642
4704 / 6642
4705 / 6642
4706 / 6642
4707 / 6642
4708 / 6642
4709 / 6642
4710 / 6642
4711 / 6642
4712 / 6642
4713 / 6642
4714 / 6642
4715 / 6642
4716 / 6642
4717 / 6642
4718 / 6642
4719 / 6642
4720 / 6642
4721 / 6642
4722 / 6642
4723 / 6642
4724 / 6642
4725 / 6642
4726 / 6642
4727 / 6642
4728 / 6642
4729 / 6642
4730 / 6642
4731 / 6642
4732 / 6642
4733 / 6642
4734 / 6642
4735 / 6642
4736 / 6642
4737 / 6642
4738 / 6642
4739 / 6642
4740 / 6642
4741 / 6642
4742 / 6642
4743 / 6642
4744 / 6642
4745 / 6642
4746 / 6642
4747 / 6642
4748 / 6642
4749 / 6642
4750 / 6642
4751 / 6642
4752 / 6642
4753 / 6642
4754 / 6642
4755 / 6642
4756 / 6642
4757 / 6642
4758 / 6642
4759 / 6642
4760 / 6642
4761 / 6642
4762 / 6642
4763 / 6642
4764 / 6642
4765 / 6642
4766 / 6642
4767 / 6642
4768 / 6642
4769 / 6642
4770 / 6642
4771 / 6642
4772 / 6642
4773 / 6642
4774 / 6642
4775 / 6642
4776 / 6642
4777 / 6642
4778 / 6642
4779 / 6642
4780 / 6642
4781 / 6642
4782 / 6642
4783 / 6642
4784 / 6642
4785 / 6642
4786 / 6642
4787 / 6642
4788 / 6642
4789 / 6642
4790 / 6642
4791 / 6642
Traceback (most recent call last):
  File "/home/chauvec/projects/ctb-chauvec/PLASMIDS/ARETE_PLASMIDS_PAPER/tools/env_hyasp/bin/hyasp", line 11, in <module>
    load_entry_point('HyAsP==1.0.0', 'console_scripts', 'hyasp')()
  File "/home/chauvec/projects/ctb-chauvec/PLASMIDS/ARETE_PLASMIDS_PAPER/tools/env_hyasp/lib/python3.7/site-packages/HyAsP/hyasp.py", line 116, in main
    num_attempts = args.num_attempts, verbose = args.verbose)
  File "/home/chauvec/projects/ctb-chauvec/PLASMIDS/ARETE_PLASMIDS_PAPER/tools/env_hyasp/lib/python3.7/site-packages/HyAsP/create_db.py", line 379, in create
    create_db(genes_file, from_accession != '', sources, blacklisted, dereplicate, keep_plasmids, extend, min_length, max_length, min_gene_length, num_attempts, verbose)
  File "/home/chauvec/projects/ctb-chauvec/PLASMIDS/ARETE_PLASMIDS_PAPER/tools/env_hyasp/lib/python3.7/site-packages/HyAsP/create_db.py", line 142, in create_db
    plasmid_seqs = extract_seq(temp)
  File "/home/chauvec/projects/ctb-chauvec/PLASMIDS/ARETE_PLASMIDS_PAPER/tools/env_hyasp/lib/python3.7/site-packages/HyAsP/create_db.py", line 79, in extract_seq
    for gb_record in SeqIO.parse(open(gb_file, 'r'), 'genbank'):
  File "/home/chauvec/projects/ctb-chauvec/PLASMIDS/ARETE_PLASMIDS_PAPER/tools/env_hyasp/lib/python3.7/site-packages/Bio/SeqIO/Interfaces.py", line 74, in __next__
    return next(self.records)
  File "/home/chauvec/projects/ctb-chauvec/PLASMIDS/ARETE_PLASMIDS_PAPER/tools/env_hyasp/lib/python3.7/site-packages/Bio/GenBank/Scanner.py", line 516, in parse_records
    record = self.parse(handle, do_features)
  File "/home/chauvec/projects/ctb-chauvec/PLASMIDS/ARETE_PLASMIDS_PAPER/tools/env_hyasp/lib/python3.7/site-packages/Bio/GenBank/Scanner.py", line 499, in parse
    if self.feed(handle, consumer, do_features):
  File "/home/chauvec/projects/ctb-chauvec/PLASMIDS/ARETE_PLASMIDS_PAPER/tools/env_hyasp/lib/python3.7/site-packages/Bio/GenBank/Scanner.py", line 470, in feed
    self._feed_feature_table(consumer, self.parse_features(skip=False))
  File "/home/chauvec/projects/ctb-chauvec/PLASMIDS/ARETE_PLASMIDS_PAPER/tools/env_hyasp/lib/python3.7/site-packages/Bio/GenBank/Scanner.py", line 169, in parse_features
    raise ValueError("Premature end of line during features table")
ValueError: Premature end of line during features table
