
Lmod is automatically replacing "intel/2020.1.217" with "gcc/9.3.0".


Due to MODULEPATH changes, the following have been reloaded:
  1) openmpi/4.0.3

Ignoring pip: markers 'python_version < "3"' don't match your environment
Looking in links: /cvmfs/soft.computecanada.ca/custom/python/wheelhouse/gentoo/avx2, /cvmfs/soft.computecanada.ca/custom/python/wheelhouse/gentoo/generic, /cvmfs/soft.computecanada.ca/custom/python/wheelhouse/generic
Collecting numpy
Installing collected packages: numpy
Successfully installed numpy-1.21.4+computecanada
Ignoring pip: markers 'python_version < "3"' don't match your environment
Looking in links: /cvmfs/soft.computecanada.ca/custom/python/wheelhouse/gentoo/avx2, /cvmfs/soft.computecanada.ca/custom/python/wheelhouse/gentoo/generic, /cvmfs/soft.computecanada.ca/custom/python/wheelhouse/generic
Collecting pandas
Collecting python-dateutil>=2.7.3 (from pandas)
Requirement already satisfied: numpy>=1.17.3; platform_machine != "aarch64" and platform_machine != "arm64" and python_version < "3.10" in /project/6069942/PLASMIDS/ARETE_PLASMIDS_PAPER/tools/env_plasforest/lib/python3.7/site-packages (from pandas) (1.21.4+computecanada)
Collecting pytz>=2017.3 (from pandas)
Collecting six>=1.5 (from python-dateutil>=2.7.3->pandas)
Installing collected packages: six, python-dateutil, pytz, pandas
Successfully installed pandas-1.3.5+computecanada python-dateutil-2.8.2+computecanada pytz-2022.1+computecanada six-1.16.0+computecanada
Ignoring pip: markers 'python_version < "3"' don't match your environment
Looking in links: /cvmfs/soft.computecanada.ca/custom/python/wheelhouse/gentoo/avx2, /cvmfs/soft.computecanada.ca/custom/python/wheelhouse/gentoo/generic, /cvmfs/soft.computecanada.ca/custom/python/wheelhouse/generic
Collecting biopython
Requirement already satisfied: numpy in /project/6069942/PLASMIDS/ARETE_PLASMIDS_PAPER/tools/env_plasforest/lib/python3.7/site-packages (from biopython) (1.21.4+computecanada)
Installing collected packages: biopython
Successfully installed biopython-1.79+computecanada
Ignoring pip: markers 'python_version < "3"' don't match your environment
Looking in links: /cvmfs/soft.computecanada.ca/custom/python/wheelhouse/gentoo/avx2, /cvmfs/soft.computecanada.ca/custom/python/wheelhouse/gentoo/generic, /cvmfs/soft.computecanada.ca/custom/python/wheelhouse/generic
Collecting scikit-learn>=0.22.2.post1
Requirement already satisfied: numpy>=1.14.6 in /project/6069942/PLASMIDS/ARETE_PLASMIDS_PAPER/tools/env_plasforest/lib/python3.7/site-packages (from scikit-learn>=0.22.2.post1) (1.21.4+computecanada)
Collecting threadpoolctl>=2.0.0 (from scikit-learn>=0.22.2.post1)
  Using cached https://files.pythonhosted.org/packages/61/cf/6e354304bcb9c6413c4e02a747b600061c21d38ba51e7e544ac7bc66aecc/threadpoolctl-3.1.0-py3-none-any.whl
Collecting joblib>=0.11 (from scikit-learn>=0.22.2.post1)
Collecting scipy>=1.1.0 (from scikit-learn>=0.22.2.post1)
